<?xml version="1.0" encoding="UTF-8"?>
<testsuite name="ProdutosEletronicosTest" tests="1" skipped="0" failures="0" errors="0" timestamp="2022-08-25T20:57:37" hostname="FER" time="0.021">
  <properties/>
  <testcase name="carregarBateria()" classname="ProdutosEletronicosTest" time="0.021"/>
  <system-out><![CDATA[]]></system-out>
  <system-err><![CDATA[]]></system-err>
</testsuite>
